<?xml version="1.0" encoding="UTF-8"?>
<!-- Generated by org.testng.reporters.JUnitXMLReporter -->
<testsuite ignored="1" hostname="DESKTOP-CFRUI98" failures="0" tests="1" name="Default test" time="40.062" errors="0" timestamp="2023-10-13T10:56:25 IST">
  <testcase classname="com.Equarztestcase.profilepage" name="image" time="10.379"/>
  <testcase classname="com.Equarztestcase.profilepage" name="profile" time="0.0">
    <ignored/>
  </testcase> <!-- profile -->
</testsuite> <!-- Default test -->
