<?xml version="1.0" encoding="UTF-8"?>
<!-- Generated by org.testng.reporters.JUnitXMLReporter -->
<testsuite ignored="9" hostname="DESKTOP-CFRUI98" failures="0" tests="1" name="Default test" time="34.113" errors="0" timestamp="2023-09-26T16:27:17 IST">
  <testcase classname="com.Equarztestcase.homelinkspage" name="suporttickts" time="1.822"/>
  <testcase classname="com.Equarztestcase.homelinkspage" name="Trackorder" time="0.0">
    <ignored/>
  </testcase> <!-- Trackorder -->
  <testcase classname="com.Equarztestcase.homelinkspage" name="LatestproductS" time="0.0">
    <ignored/>
  </testcase> <!-- LatestproductS -->
  <testcase classname="com.Equarztestcase.homelinkspage" name="Featureslinks" time="0.0">
    <ignored/>
  </testcase> <!-- Featureslinks -->
  <testcase classname="com.Equarztestcase.homelinkspage" name="sellproducts" time="0.0">
    <ignored/>
  </testcase> <!-- sellproducts -->
  <testcase classname="com.Equarztestcase.homelinkspage" name="TopSrated" time="0.0">
    <ignored/>
  </testcase> <!-- TopSrated -->
  <testcase classname="com.Equarztestcase.homelinkspage" name="CancelpolicyS" time="0.0">
    <ignored/>
  </testcase> <!-- CancelpolicyS -->
  <testcase classname="com.Equarztestcase.homelinkspage" name="ReturnpolicyS" time="0.0">
    <ignored/>
  </testcase> <!-- ReturnpolicyS -->
  <testcase classname="com.Equarztestcase.homelinkspage" name="Refundspolicy" time="0.0">
    <ignored/>
  </testcase> <!-- Refundspolicy -->
  <testcase classname="com.Equarztestcase.homelinkspage" name="Profile" time="0.0">
    <ignored/>
  </testcase> <!-- Profile -->
</testsuite> <!-- Default test -->
