<?xml version="1.0" encoding="UTF-8"?>
<testng-results ignored="0" total="1" passed="1" failed="0" skipped="0">
  <reporter-output>
  </reporter-output>
  <suite started-at="2023-10-17T15:15:07 IST" name="Suite" finished-at="2023-10-17T15:16:16 IST" duration-ms="68575">
    <groups>
    </groups>
    <test started-at="2023-10-17T15:15:07 IST" name="Test" finished-at="2023-10-17T15:16:16 IST" duration-ms="68575">
      <class name="com.Equarztestcase.signinpage">
        <test-method is-config="true" signature="initialize()[pri:0, instance:com.Equarztestcase.signinpage@7e6f74c]" started-at="2023-10-17T15:15:07 IST" name="initialize" finished-at="2023-10-17T15:15:20 IST" duration-ms="12891" status="PASS">
          <reporter-output>
          </reporter-output>
        </test-method> <!-- initialize -->
        <test-method signature="verifyLogin()[pri:1, instance:com.Equarztestcase.signinpage@7e6f74c]" started-at="2023-10-17T15:15:20 IST" name="verifyLogin" finished-at="2023-10-17T15:16:16 IST" duration-ms="55602" status="PASS">
          <reporter-output>
          </reporter-output>
        </test-method> <!-- verifyLogin -->
      </class> <!-- com.Equarztestcase.signinpage -->
    </test> <!-- Test -->
  </suite> <!-- Suite -->
</testng-results>
